This is pdfTeX, Version 3.1415926-2.5-1.40.14 (TeX Live 2013/Debian) (format=pdflatex 2014.10.13)  30 JAN 2017 22:17
entering extended mode
 restricted \write18 enabled.
 %&-line parsing enabled.
**ccvpn.tex
(./ccvpn.tex
LaTeX2e <2011/06/27>
Babel <3.9h> and hyphenation patterns for 78 languages loaded.
(./IEEEtran.cls
Document Class: IEEEtran 2015/08/26 V1.8b by Michael Shell
-- See the "IEEEtran_HOWTO" manual for usage information.
-- http://www.michaelshell.org/tex/ieeetran/
\@IEEEtrantmpdimenA=\dimen102
\@IEEEtrantmpdimenB=\dimen103
\@IEEEtrantmpdimenC=\dimen104
\@IEEEtrantmpcountA=\count79
\@IEEEtrantmpcountB=\count80
\@IEEEtrantmpcountC=\count81
\@IEEEtrantmptoksA=\toks14
LaTeX Font Info:    Try loading font information for OT1+ptm on input line 503.

(/usr/share/texlive/texmf-dist/tex/latex/psnfss/ot1ptm.fd
File: ot1ptm.fd 2001/06/04 font definitions for OT1/ptm.
)
-- Using 8.5in x 11in (letter) paper.
-- Using PDF output.
\@IEEEnormalsizeunitybaselineskip=\dimen105
-- This is a 10 point document.
\CLASSINFOnormalsizebaselineskip=\dimen106
\CLASSINFOnormalsizeunitybaselineskip=\dimen107
\IEEEnormaljot=\dimen108
LaTeX Font Info:    Font shape `OT1/ptm/bx/n' in size <5> not available
(Font)              Font shape `OT1/ptm/b/n' tried instead on input line 1090.
LaTeX Font Info:    Font shape `OT1/ptm/bx/it' in size <5> not available
(Font)              Font shape `OT1/ptm/b/it' tried instead on input line 1090.

LaTeX Font Info:    Font shape `OT1/ptm/bx/n' in size <7> not available
(Font)              Font shape `OT1/ptm/b/n' tried instead on input line 1090.
LaTeX Font Info:    Font shape `OT1/ptm/bx/it' in size <7> not available
(Font)              Font shape `OT1/ptm/b/it' tried instead on input line 1090.

LaTeX Font Info:    Font shape `OT1/ptm/bx/n' in size <8> not available
(Font)              Font shape `OT1/ptm/b/n' tried instead on input line 1090.
LaTeX Font Info:    Font shape `OT1/ptm/bx/it' in size <8> not available
(Font)              Font shape `OT1/ptm/b/it' tried instead on input line 1090.

LaTeX Font Info:    Font shape `OT1/ptm/bx/n' in size <9> not available
(Font)              Font shape `OT1/ptm/b/n' tried instead on input line 1090.
LaTeX Font Info:    Font shape `OT1/ptm/bx/it' in size <9> not available
(Font)              Font shape `OT1/ptm/b/it' tried instead on input line 1090.

LaTeX Font Info:    Font shape `OT1/ptm/bx/n' in size <10> not available
(Font)              Font shape `OT1/ptm/b/n' tried instead on input line 1090.
LaTeX Font Info:    Font shape `OT1/ptm/bx/it' in size <10> not available
(Font)              Font shape `OT1/ptm/b/it' tried instead on input line 1090.

LaTeX Font Info:    Font shape `OT1/ptm/bx/n' in size <11> not available
(Font)              Font shape `OT1/ptm/b/n' tried instead on input line 1090.
LaTeX Font Info:    Font shape `OT1/ptm/bx/it' in size <11> not available
(Font)              Font shape `OT1/ptm/b/it' tried instead on input line 1090.

LaTeX Font Info:    Font shape `OT1/ptm/bx/n' in size <12> not available
(Font)              Font shape `OT1/ptm/b/n' tried instead on input line 1090.
LaTeX Font Info:    Font shape `OT1/ptm/bx/it' in size <12> not available
(Font)              Font shape `OT1/ptm/b/it' tried instead on input line 1090.

LaTeX Font Info:    Font shape `OT1/ptm/bx/n' in size <17> not available
(Font)              Font shape `OT1/ptm/b/n' tried instead on input line 1090.
LaTeX Font Info:    Font shape `OT1/ptm/bx/it' in size <17> not available
(Font)              Font shape `OT1/ptm/b/it' tried instead on input line 1090.

LaTeX Font Info:    Font shape `OT1/ptm/bx/n' in size <20> not available
(Font)              Font shape `OT1/ptm/b/n' tried instead on input line 1090.
LaTeX Font Info:    Font shape `OT1/ptm/bx/it' in size <20> not available
(Font)              Font shape `OT1/ptm/b/it' tried instead on input line 1090.

LaTeX Font Info:    Font shape `OT1/ptm/bx/n' in size <24> not available
(Font)              Font shape `OT1/ptm/b/n' tried instead on input line 1090.
LaTeX Font Info:    Font shape `OT1/ptm/bx/it' in size <24> not available
(Font)              Font shape `OT1/ptm/b/it' tried instead on input line 1090.

\IEEEquantizedlength=\dimen109
\IEEEquantizedlengthdiff=\dimen110
\IEEEquantizedtextheightdiff=\dimen111
\IEEEilabelindentA=\dimen112
\IEEEilabelindentB=\dimen113
\IEEEilabelindent=\dimen114
\IEEEelabelindent=\dimen115
\IEEEdlabelindent=\dimen116
\IEEElabelindent=\dimen117
\IEEEiednormlabelsep=\dimen118
\IEEEiedmathlabelsep=\dimen119
\IEEEiedtopsep=\skip41
\c@section=\count82
\c@subsection=\count83
\c@subsubsection=\count84
\c@paragraph=\count85
\c@IEEEsubequation=\count86
\abovecaptionskip=\skip42
\belowcaptionskip=\skip43
\c@figure=\count87
\c@table=\count88
\@IEEEeqnnumcols=\count89
\@IEEEeqncolcnt=\count90
\@IEEEsubeqnnumrollback=\count91
\@IEEEquantizeheightA=\dimen120
\@IEEEquantizeheightB=\dimen121
\@IEEEquantizeheightC=\dimen122
\@IEEEquantizeprevdepth=\dimen123
\@IEEEquantizemultiple=\count92
\@IEEEquantizeboxA=\box26
\@IEEEtmpitemindent=\dimen124
\IEEEPARstartletwidth=\dimen125
\c@IEEEbiography=\count93
\@IEEEtranrubishbin=\box27
) (/usr/share/texlive/texmf-dist/tex/latex/blindtext/blindtext.sty
Package: blindtext 2012/01/06 V2.0 blindtext-Package

(/usr/share/texlive/texmf-dist/tex/latex/tools/xspace.sty
Package: xspace 2009/10/20 v1.13 Space after command names (DPC,MH)
)
\c@blindtext=\count94
\c@Blindtext=\count95
\c@blind@countparstart=\count96
\blind@countxx=\count97
\blindtext@numBlindtext=\count98
\blind@countyy=\count99
\c@blindlist=\count100
\c@blindlistlevel=\count101
\c@blindlist@level=\count102
\blind@listitem=\count103
\c@blind@listcount=\count104
\c@blind@levelcount=\count105
\blind@mathformula=\count106
\blind@Mathformula=\count107
\c@blind@randomcount=\count108
\c@blind@randommax=\count109
\c@blind@pangramcount=\count110
\c@blind@pangrammax=\count111
)
(/usr/share/texlive/texmf-dist/tex/latex/graphics/graphicx.sty
Package: graphicx 1999/02/16 v1.0f Enhanced LaTeX Graphics (DPC,SPQR)

(/usr/share/texlive/texmf-dist/tex/latex/graphics/keyval.sty
Package: keyval 1999/03/16 v1.13 key=value parser (DPC)
\KV@toks@=\toks15
)
(/usr/share/texlive/texmf-dist/tex/latex/graphics/graphics.sty
Package: graphics 2009/02/05 v1.0o Standard LaTeX Graphics (DPC,SPQR)

(/usr/share/texlive/texmf-dist/tex/latex/graphics/trig.sty
Package: trig 1999/03/16 v1.09 sin cos tan (DPC)
)
(/usr/share/texlive/texmf-dist/tex/latex/latexconfig/graphics.cfg
File: graphics.cfg 2010/04/23 v1.9 graphics configuration of TeX Live
)
Package graphics Info: Driver file: pdftex.def on input line 91.

(/usr/share/texlive/texmf-dist/tex/latex/pdftex-def/pdftex.def
File: pdftex.def 2011/05/27 v0.06d Graphics/color for pdfTeX

(/usr/share/texlive/texmf-dist/tex/generic/oberdiek/infwarerr.sty
Package: infwarerr 2010/04/08 v1.3 Providing info/warning/error messages (HO)
)
(/usr/share/texlive/texmf-dist/tex/generic/oberdiek/ltxcmds.sty
Package: ltxcmds 2011/11/09 v1.22 LaTeX kernel commands for general use (HO)
)
\Gread@gobject=\count112
))
\Gin@req@height=\dimen126
\Gin@req@width=\dimen127
)
(/usr/share/texlive/texmf-dist/tex/latex/url/url.sty
\Urlmuskip=\muskip10
Package: url 2013/09/16  ver 3.4  Verb mode for urls, etc.
)
(/usr/share/texlive/texmf-dist/tex/latex/paralist/paralist.sty
Package: paralist 2013/06/09 v2.4 Extended list environments
\pltopsep=\skip44
\plpartopsep=\skip45
\plitemsep=\skip46
\plparsep=\skip47
\pl@lab=\toks16
)
(/usr/share/texlive/texmf-dist/tex/latex/microtype/microtype.sty
Package: microtype 2013/05/23 v2.5a Micro-typographical refinements (RS)
\MT@toks=\toks17
\MT@count=\count113
LaTeX Info: Redefining \textls on input line 766.
\MT@outer@kern=\dimen128
LaTeX Info: Redefining \textmicrotypecontext on input line 1285.
\MT@listname@count=\count114

(/usr/share/texlive/texmf-dist/tex/latex/microtype/microtype-pdftex.def
File: microtype-pdftex.def 2013/05/23 v2.5a Definitions specific to pdftex (RS)

LaTeX Info: Redefining \lsstyle on input line 915.
LaTeX Info: Redefining \lslig on input line 915.
\MT@outer@space=\skip48
)
Package microtype Info: Loading configuration file microtype.cfg.

(/usr/share/texlive/texmf-dist/tex/latex/microtype/microtype.cfg
File: microtype.cfg 2013/05/23 v2.5a microtype main configuration file (RS)
))
(/usr/share/texlive/texmf-dist/tex/latex/subfigure/subfigure.sty
Package: subfigure 2002/03/15 v2.1.5 subfigure package
\subfigtopskip=\skip49
\subfigcapskip=\skip50
\subfigcaptopadj=\dimen129
\subfigbottomskip=\skip51
\subfigcapmargin=\dimen130
\subfiglabelskip=\skip52
\c@subfigure=\count115
\c@lofdepth=\count116
\c@subtable=\count117
\c@lotdepth=\count118

****************************************
* Local config file subfigure.cfg used *
****************************************
(/usr/share/texlive/texmf-dist/tex/latex/subfigure/subfigure.cfg)
\subfig@top=\skip53
\subfig@bottom=\skip54
)
(/usr/share/texlive/texmf-dist/tex/latex/base/fixltx2e.sty
Package: fixltx2e 2006/09/13 v1.1m fixes to LaTeX
LaTeX Info: Redefining \em on input line 420.
)
(/usr/share/texlive/texmf-dist/tex/latex/multirow/multirow.sty
\bigstrutjot=\dimen131
)
(/usr/share/texlive/texmf-dist/tex/latex/algorithm2e/algorithm2e.sty
Package: algorithm2e 2013/01/06 v5.00 algorithms environments
\c@AlgoLine=\count119

(/usr/share/texlive/texmf-dist/tex/latex/base/ifthen.sty
Package: ifthen 2001/05/26 v1.1c Standard LaTeX ifthen package (DPC)
)
(/usr/share/texlive/texmf-dist/tex/latex/relsize/relsize.sty
Package: relsize 2013/03/29 ver 4.1
)
********************************************************
Package `algorithm2e' Release 5.0 -- january 06 2013 --
- algorithm2e-announce@lirmm.fr mailing list for announcement about releases
- algorithm2e-discussion@lirmm.fr mailing list for discussion about package
subscribe by emailing sympa@lirmm.fr with 'subscribe <list> <firstname name>'
- Author: Christophe Fiorio (cfiorio@um2.fr)
********************************************************
\skiptotal=\skip55
\skiplinenumber=\skip56
\skiprule=\skip57
\skiphlne=\skip58
\skiptext=\skip59
\skiplength=\skip60
\algomargin=\skip61
\skipalgocfslide=\skip62
\algowidth=\dimen132
\inoutsize=\dimen133
\inoutindent=\dimen134
\interspacetitleruled=\dimen135
\interspacealgoruled=\dimen136
\interspacetitleboxruled=\dimen137
\algocf@inoutbox=\box28
\algocf@inputbox=\box29
\AlCapSkip=\skip63
\AlCapHSkip=\skip64
\algoskipindent=\skip65
\algocf@nlbox=\box30
\algocf@hangingbox=\box31
\algocf@untilbox=\box32
\algocf@skipuntil=\skip66
\algocf@capbox=\box33
\algoheightruledefault=\skip67
\algoheightrule=\skip68
\algotitleheightruledefault=\skip69
\algotitleheightrule=\skip70
\c@algocfline=\count120
\c@algocfproc=\count121
\c@algocf=\count122
\algocf@algoframe=\box34
\algocf@algobox=\box35
) (/usr/share/texlive/texmf-dist/tex/latex/algorithms/algorithm.sty
Package: algorithm 2009/08/24 v0.1 Document Style `algorithm' - floating enviro
nment

(/usr/share/texlive/texmf-dist/tex/latex/float/float.sty
Package: float 2001/11/08 v1.3d Float enhancements (AL)
\c@float@type=\count123
\float@exts=\toks18
\float@box=\box36
\@float@everytoks=\toks19
\@floatcapt=\box37
)
\@float@every@algorithm=\toks20
\c@algorithm=\count124


! LaTeX Error: Command \listofalgorithms already defined.
               Or name \end... illegal, see p.192 of the manual.

See the LaTeX manual or LaTeX Companion for explanation.
Type  H <return>  for immediate help.
 ...                                              
                                                  
l.97 ...s}{\listof{algorithm}{\listalgorithmname}}
                                                  
? 
) (/usr/share/texlive/texmf-dist/tex/latex/algorithms/algorithmic.sty
Package: algorithmic 2009/08/24 v0.1 Document Style `algorithmic'
\c@ALC@unique=\count125
\c@ALC@line=\count126
\c@ALC@rem=\count127
\c@ALC@depth=\count128
\ALC@tlm=\skip71
\algorithmicindent=\skip72
)
(/usr/share/texmf/tex/latex/xcolor/xcolor.sty
Package: xcolor 2007/01/21 v2.11 LaTeX color extensions (UK)

(/usr/share/texlive/texmf-dist/tex/latex/latexconfig/color.cfg
File: color.cfg 2007/01/18 v1.5 color configuration of teTeX/TeXLive
)
Package xcolor Info: Driver file: pdftex.def on input line 225.
Package xcolor Info: Model `cmy' substituted by `cmy0' on input line 1337.
Package xcolor Info: Model `hsb' substituted by `rgb' on input line 1341.
Package xcolor Info: Model `RGB' extended on input line 1353.
Package xcolor Info: Model `HTML' substituted by `rgb' on input line 1355.
Package xcolor Info: Model `Hsb' substituted by `hsb' on input line 1356.
Package xcolor Info: Model `tHsb' substituted by `hsb' on input line 1357.
Package xcolor Info: Model `HSB' substituted by `hsb' on input line 1358.
Package xcolor Info: Model `Gray' substituted by `gray' on input line 1359.
Package xcolor Info: Model `wave' substituted by `hsb' on input line 1360.
)
\c@definition=\count129
\c@theorem=\count130
\c@corollary=\count131
 (./ccvpn.aux

LaTeX Warning: Label `my-label' multiply defined.


LaTeX Warning: Label `1a' multiply defined.


LaTeX Warning: Label `sub@1a' multiply defined.


LaTeX Warning: Label `1b' multiply defined.


LaTeX Warning: Label `sub@1b' multiply defined.


LaTeX Warning: Label `1c' multiply defined.


LaTeX Warning: Label `sub@1c' multiply defined.


LaTeX Warning: Label `1d' multiply defined.


LaTeX Warning: Label `sub@1d' multiply defined.


LaTeX Warning: Label `exp1' multiply defined.


LaTeX Warning: Label `4a' multiply defined.


LaTeX Warning: Label `sub@4a' multiply defined.


LaTeX Warning: Label `4b' multiply defined.


LaTeX Warning: Label `sub@4b' multiply defined.


LaTeX Warning: Label `4c' multiply defined.


LaTeX Warning: Label `sub@4c' multiply defined.


LaTeX Warning: Label `4d' multiply defined.


LaTeX Warning: Label `sub@4d' multiply defined.


LaTeX Warning: Label `exp4' multiply defined.


LaTeX Warning: Label `4a' multiply defined.


LaTeX Warning: Label `sub@4a' multiply defined.


LaTeX Warning: Label `4b' multiply defined.


LaTeX Warning: Label `sub@4b' multiply defined.


LaTeX Warning: Label `4c' multiply defined.


LaTeX Warning: Label `sub@4c' multiply defined.


LaTeX Warning: Label `4d' multiply defined.


LaTeX Warning: Label `sub@4d' multiply defined.


LaTeX Warning: Label `exp4' multiply defined.

)
\openout1 = `ccvpn.aux'.

LaTeX Font Info:    Checking defaults for OML/cmm/m/it on input line 50.
LaTeX Font Info:    ... okay on input line 50.
LaTeX Font Info:    Checking defaults for T1/cmr/m/n on input line 50.
LaTeX Font Info:    ... okay on input line 50.
LaTeX Font Info:    Checking defaults for OT1/cmr/m/n on input line 50.
LaTeX Font Info:    ... okay on input line 50.
LaTeX Font Info:    Checking defaults for OMS/cmsy/m/n on input line 50.
LaTeX Font Info:    ... okay on input line 50.
LaTeX Font Info:    Checking defaults for OMX/cmex/m/n on input line 50.
LaTeX Font Info:    ... okay on input line 50.
LaTeX Font Info:    Checking defaults for U/cmr/m/n on input line 50.
LaTeX Font Info:    ... okay on input line 50.

-- Lines per column: 56 (exact).
(/usr/share/texlive/texmf-dist/tex/context/base/supp-pdf.mkii
[Loading MPS to PDF converter (version 2006.09.02).]
\scratchcounter=\count132
\scratchdimen=\dimen138
\scratchbox=\box38
\nofMPsegments=\count133
\nofMParguments=\count134
\everyMPshowfont=\toks21
\MPscratchCnt=\count135
\MPscratchDim=\dimen139
\MPnumerator=\count136
\makeMPintoPDFobject=\count137
\everyMPtoPDFconversion=\toks22
) (/usr/share/texlive/texmf-dist/tex/generic/oberdiek/pdftexcmds.sty
Package: pdftexcmds 2011/11/29 v0.20 Utility functions of pdfTeX for LuaTeX (HO
)

(/usr/share/texlive/texmf-dist/tex/generic/oberdiek/ifluatex.sty
Package: ifluatex 2010/03/01 v1.3 Provides the ifluatex switch (HO)
Package ifluatex Info: LuaTeX not detected.
)
(/usr/share/texlive/texmf-dist/tex/generic/oberdiek/ifpdf.sty
Package: ifpdf 2011/01/30 v2.3 Provides the ifpdf switch (HO)
Package ifpdf Info: pdfTeX in PDF mode is detected.
)
Package pdftexcmds Info: LuaTeX not detected.
Package pdftexcmds Info: \pdf@primitive is available.
Package pdftexcmds Info: \pdf@ifprimitive is available.
Package pdftexcmds Info: \pdfdraftmode found.
)
(/usr/share/texlive/texmf-dist/tex/latex/oberdiek/epstopdf-base.sty
Package: epstopdf-base 2010/02/09 v2.5 Base part for package epstopdf

(/usr/share/texlive/texmf-dist/tex/latex/oberdiek/grfext.sty
Package: grfext 2010/08/19 v1.1 Manage graphics extensions (HO)

(/usr/share/texlive/texmf-dist/tex/generic/oberdiek/kvdefinekeys.sty
Package: kvdefinekeys 2011/04/07 v1.3 Define keys (HO)
))
(/usr/share/texlive/texmf-dist/tex/latex/oberdiek/kvoptions.sty
Package: kvoptions 2011/06/30 v3.11 Key value format for package options (HO)

(/usr/share/texlive/texmf-dist/tex/generic/oberdiek/kvsetkeys.sty
Package: kvsetkeys 2012/04/25 v1.16 Key value parser (HO)

(/usr/share/texlive/texmf-dist/tex/generic/oberdiek/etexcmds.sty
Package: etexcmds 2011/02/16 v1.5 Avoid name clashes with e-TeX commands (HO)
Package etexcmds Info: Could not find \expanded.
(etexcmds)             That can mean that you are not using pdfTeX 1.50 or
(etexcmds)             that some package has redefined \expanded.
(etexcmds)             In the latter case, load this package earlier.
)))
Package grfext Info: Graphics extension search list:
(grfext)             [.png,.pdf,.jpg,.mps,.jpeg,.jbig2,.jb2,.PNG,.PDF,.JPG,.JPE
G,.JBIG2,.JB2,.eps]
(grfext)             \AppendGraphicsExtensions on input line 452.

(/usr/share/texlive/texmf-dist/tex/latex/latexconfig/epstopdf-sys.cfg
File: epstopdf-sys.cfg 2010/07/13 v1.3 Configuration of (r)epstopdf for TeX Liv
e
))
LaTeX Info: Redefining \microtypecontext on input line 50.
Package microtype Info: Generating PDF output.
Package microtype Info: Character protrusion enabled (level 2).
Package microtype Info: Using default protrusion set `alltext'.
Package microtype Info: Automatic font expansion enabled (level 2),
(microtype)             stretch: 20, shrink: 20, step: 1, non-selected.
Package microtype Info: Using default expansion set `basictext'.
Package microtype Info: No adjustment of tracking.
Package microtype Info: No adjustment of interword spacing.
Package microtype Info: No adjustment of character kerning.

(/usr/share/texlive/texmf-dist/tex/latex/microtype/mt-ptm.cfg
File: mt-ptm.cfg 2006/04/20 v1.7 microtype config. file: Times (RS)
)

LaTeX Warning: No \author given.


LaTeX Warning: No \author given.


LaTeX Warning: No \author given.

(./01-introduction.tex

LaTeX Warning: Citation `tor' on page 1 undefined on input line 22.

) (./02-overview.tex
(/usr/share/texlive/texmf-dist/tex/latex/microtype/mt-cmr.cfg
File: mt-cmr.cfg 2013/05/19 v2.2 microtype config. file: Computer Modern Roman 
(RS)
)
LaTeX Font Info:    External font `cmex10' loaded for size
(Font)              <7> on input line 2.
LaTeX Font Info:    External font `cmex10' loaded for size
(Font)              <5> on input line 2.
LaTeX Font Info:    External font `cmex10' loaded for size
(Font)              <8> on input line 6.
LaTeX Font Info:    External font `cmex10' loaded for size
(Font)              <6> on input line 6.

Underfull \vbox (badness 10000) has occurred while \output is active []

 [1{/var/lib/texmf/fonts/map/pdftex/updmap/pdftex.map}


]
LaTeX Font Info:    Try loading font information for OT1+pcr on input line 25.

(/usr/share/texlive/texmf-dist/tex/latex/psnfss/ot1pcr.fd
File: ot1pcr.fd 2001/06/04 font definitions for OT1/pcr.
)
Package microtype Info: Loading generic settings for font family
(microtype)             `pcr' (encoding: OT1).
(microtype)             For optimal results, create family-specific settings.
(microtype)             See the microtype manual for details.
) (./03-related.tex)
(./04-design.tex [2] <images/architecture.pdf, id=16, 744.7825pt x 339.2675pt>
File: images/architecture.pdf Graphic file (type pdf)

<use images/architecture.pdf>
Package pdftex.def Info: images/architecture.pdf used on input line 9.
(pdftex.def)             Requested size: 478.79846pt x 218.10887pt.

! Extra }, or forgotten \endgroup.
\@endfloatbox ...pagefalse \outer@nobreak \egroup 
                                                  \color@endbox 
l.12 \end{figure*}
                  
? 
! Too many }'s.
\color@endbox ->\color@endgroup \egroup 
                                        
l.12 \end{figure*}
                  
? 

! LaTeX Error: \begin{document} ended by \end{figure*}.

See the LaTeX manual or LaTeX Companion for explanation.
Type  H <return>  for immediate help.
 ...                                              
                                                  
l.12 \end{figure*}
                  
? 
! Extra \endgroup.
<recently read> \endgroup 
                          
l.12 \end{figure*}
                  
? 

LaTeX Warning: Reference `fig:ccvpn' on page 3 undefined on input line 14.


LaTeX Warning: No positions in optional float specifier.
               Default added (so using `htbp') on input line 20.


LaTeX Warning: No positions in optional float specifier.
               Default added (so using `htbp') on input line 39.

[3]

LaTeX Warning: No positions in optional float specifier.
               Default added (so using `htbp') on input line 56.


LaTeX Warning: No positions in optional float specifier.
               Default added (so using `htbp') on input line 72.


Underfull \hbox (badness 10000) in paragraph at lines 85--85

 []


Underfull \hbox (badness 10000) in paragraph at lines 86--86

 []

) (./05-sec-analysis.tex [4]
Underfull \hbox (badness 1924) in paragraph at lines 32--36
[][]\OT1/ptm/b/it/10 Definition \OT1/ptm/m/it/10 (+20) 5.1: [] An in-ter-est en
-cap-su-la-tion al-go-rithm
 []


Underfull \hbox (badness 3492) in paragraph at lines 49--52
[][]\OT1/ptm/b/it/10 Definition \OT1/ptm/m/it/10 (+20) 5.2:  A con-tent en-cap-
su-la-tion al-go-rithm
 []

) (./06-perf-analysis.tex

LaTeX Warning: Citation `sodium' on page 5 undefined on input line 20.

[5]) (./07-experiment.tex

LaTeX Warning: Reference `create_figure' on page 6 undefined on input line 7.

[6] <images/throughput_1_1.png, id=37, 481.8pt x 481.8pt>
File: images/throughput_1_1.png Graphic file (type png)

<use images/throughput_1_1.png>
Package pdftex.def Info: images/throughput_1_1.png used on input line 47.
(pdftex.def)             Requested size: 108.405pt x 108.40031pt.

<images/throughput_2_1.png, id=38, 481.8pt x 481.8pt>
File: images/throughput_2_1.png Graphic file (type png)

<use images/throughput_2_1.png>
Package pdftex.def Info: images/throughput_2_1.png used on input line 49.
(pdftex.def)             Requested size: 108.405pt x 108.40031pt.

<images/throughput_3_1.png, id=39, 481.8pt x 481.8pt>
File: images/throughput_3_1.png Graphic file (type png)

<use images/throughput_3_1.png>
Package pdftex.def Info: images/throughput_3_1.png used on input line 51.
(pdftex.def)             Requested size: 108.405pt x 108.40031pt.

<images/throughput_4_1.png, id=40, 481.8pt x 481.8pt>
File: images/throughput_4_1.png Graphic file (type png)

<use images/throughput_4_1.png>
Package pdftex.def Info: images/throughput_4_1.png used on input line 53.
(pdftex.def)             Requested size: 108.405pt x 108.40031pt.
File: images/throughput_1_1.png Graphic file (type png)
 <use images/throughput_1_1.png>
Package pdftex.def Info: images/throughput_1_1.png used on input line 60.
(pdftex.def)             Requested size: 108.405pt x 108.40031pt.

<images/throughput_2_2.png, id=41, 481.8pt x 481.8pt>
File: images/throughput_2_2.png Graphic file (type png)

<use images/throughput_2_2.png>
Package pdftex.def Info: images/throughput_2_2.png used on input line 62.
(pdftex.def)             Requested size: 108.405pt x 108.40031pt.

<images/throughput_3_3.png, id=42, 481.8pt x 481.8pt>
File: images/throughput_3_3.png Graphic file (type png)

<use images/throughput_3_3.png>
Package pdftex.def Info: images/throughput_3_3.png used on input line 64.
(pdftex.def)             Requested size: 108.405pt x 108.40031pt.

<images/throughput_4_4.png, id=43, 481.8pt x 481.8pt>
File: images/throughput_4_4.png Graphic file (type png)

<use images/throughput_4_4.png>
Package pdftex.def Info: images/throughput_4_4.png used on input line 66.
(pdftex.def)             Requested size: 108.405pt x 108.40031pt.

<images/10240throughput_1_1.png, id=44, 481.8pt x 481.8pt>
File: images/10240throughput_1_1.png Graphic file (type png)

<use images/10240throughput_1_1.png>
Package pdftex.def Info: images/10240throughput_1_1.png used on input line 73.
(pdftex.def)             Requested size: 108.405pt x 108.40031pt.

<images/10240throughput_2_1.png, id=45, 481.8pt x 481.8pt>
File: images/10240throughput_2_1.png Graphic file (type png)

<use images/10240throughput_2_1.png>
Package pdftex.def Info: images/10240throughput_2_1.png used on input line 75.
(pdftex.def)             Requested size: 108.405pt x 108.40031pt.

<images/10240throughput_3_1.png, id=46, 481.8pt x 481.8pt>
File: images/10240throughput_3_1.png Graphic file (type png)

<use images/10240throughput_3_1.png>
Package pdftex.def Info: images/10240throughput_3_1.png used on input line 77.
(pdftex.def)             Requested size: 108.405pt x 108.40031pt.

<images/10240throughput_4_1.png, id=47, 481.8pt x 481.8pt>
File: images/10240throughput_4_1.png Graphic file (type png)

<use images/10240throughput_4_1.png>
Package pdftex.def Info: images/10240throughput_4_1.png used on input line 79.
(pdftex.def)             Requested size: 108.405pt x 108.40031pt.
File: images/10240throughput_1_1.png Graphic file (type png)
 <use images/10240throughput_1_1.png>
Package pdftex.def Info: images/10240throughput_1_1.png used on input line 86.
(pdftex.def)             Requested size: 108.405pt x 108.40031pt.

<images/10240throughput_2_2.png, id=48, 481.8pt x 481.8pt>
File: images/10240throughput_2_2.png Graphic file (type png)

<use images/10240throughput_2_2.png>
Package pdftex.def Info: images/10240throughput_2_2.png used on input line 88.
(pdftex.def)             Requested size: 108.405pt x 108.40031pt.

<images/10240throughput_3_3.png, id=49, 481.8pt x 481.8pt>
File: images/10240throughput_3_3.png Graphic file (type png)

<use images/10240throughput_3_3.png>
Package pdftex.def Info: images/10240throughput_3_3.png used on input line 90.
(pdftex.def)             Requested size: 108.405pt x 108.40031pt.

<images/10240throughput_4_4.png, id=50, 481.8pt x 481.8pt>
File: images/10240throughput_4_4.png Graphic file (type png)

<use images/10240throughput_4_4.png>
Package pdftex.def Info: images/10240throughput_4_4.png used on input line 92.
(pdftex.def)             Requested size: 108.405pt x 108.40031pt.

<images/1024_many_throughput.png, id=51, 481.8pt x 481.8pt>
File: images/1024_many_throughput.png Graphic file (type png)

<use images/1024_many_throughput.png>
Package pdftex.def Info: images/1024_many_throughput.png used on input line 104
.
(pdftex.def)             Requested size: 108.405pt x 108.40031pt.

Underfull \hbox (badness 2538) in paragraph at lines 104--104
[]\OT1/ptm/m/n/8 (+20) (a) Throught-put: Con-tent size
 []

<images/1024_many_dropped.png, id=52, 481.8pt x 481.8pt>
File: images/1024_many_dropped.png Graphic file (type png)

<use images/1024_many_dropped.png>
Package pdftex.def Info: images/1024_many_dropped.png used on input line 106.
(pdftex.def)             Requested size: 108.405pt x 108.40031pt.

<images/10240_many_throughput.png, id=53, 481.8pt x 481.8pt>
File: images/10240_many_throughput.png Graphic file (type png)

<use images/10240_many_throughput.png>
Package pdftex.def Info: images/10240_many_throughput.png used on input line 10
8.
(pdftex.def)             Requested size: 108.405pt x 108.40031pt.

Underfull \hbox (badness 2538) in paragraph at lines 108--108
[]\OT1/ptm/m/n/8 (+20) (c) Throught-put: Con-tent size
 []

<images/10240_many_dropped.png, id=54, 481.8pt x 481.8pt>
File: images/10240_many_dropped.png Graphic file (type png)

<use images/10240_many_dropped.png>
Package pdftex.def Info: images/10240_many_dropped.png used on input line 110.
(pdftex.def)             Requested size: 108.405pt x 108.40031pt.
) (./ccvpn.bbl
Underfull \hbox (badness 1728) in paragraph at lines 26--30
\OT1/ptm/m/n/8 (+20) wood-ccnxkeyexchange-01, May 2016. [On-line]. Avail-
 []

[7 <./images/throughput_1_1.png (PNG copy)> <./images/throughput_2_1.png (PNG c
opy)> <./images/throughput_3_1.png (PNG copy)> <./images/throughput_4_1.png (PN
G copy)> <./images/throughput_2_2.png (PNG copy)> <./images/throughput_3_3.png 
(PNG copy)> <./images/throughput_4_4.png (PNG copy)> <./images/10240throughput_
1_1.png (PNG copy)> <./images/10240throughput_2_1.png (PNG copy)> <./images/102
40throughput_3_1.png (PNG copy)> <./images/10240throughput_4_1.png (PNG copy)>]
)

** Conference Paper **
Before submitting the final camera ready copy, remember to:

 1. Manually equalize the lengths of two columns on the last page
 of your paper;

 2. Ensure that any PostScript and/or PDF output post-processing
 uses only Type 1 fonts and that every step in the generation
 process uses the appropriate paper size.

[8 <./images/10240throughput_2_2.png (PNG copy)> <./images/10240throughput_3_3.
png (PNG copy)> <./images/10240throughput_4_4.png (PNG copy)> <./images/1024_ma
ny_throughput.png (PNG copy)> <./images/1024_many_dropped.png (PNG copy)> <./im
ages/10240_many_throughput.png (PNG copy)> <./images/10240_many_dropped.png (PN
G copy)>] (./ccvpn.aux)

LaTeX Warning: There were undefined references.


LaTeX Warning: There were multiply-defined labels.

 ) 
Here is how much of TeX's memory you used:
 6975 strings out of 493304
 107541 string characters out of 6139870
 238015 words of memory out of 5000000
 10069 multiletter control sequences out of 15000+600000
 52908 words of font info for 230 fonts, out of 8000000 for 9000
 960 hyphenation exceptions out of 8191
 38i,9n,35p,1576b,286s stack positions out of 5000i,500n,10000p,200000b,80000s
{/usr/share/texlive/texmf-dist/fonts/enc/dvips/base/8r.enc}</usr/share/texliv
e/texmf-dist/fonts/type1/public/amsfonts/cm/cmmi10.pfb></usr/share/texlive/texm
f-dist/fonts/type1/public/amsfonts/cm/cmmi5.pfb></usr/share/texlive/texmf-dist/
fonts/type1/public/amsfonts/cm/cmmi6.pfb></usr/share/texlive/texmf-dist/fonts/t
ype1/public/amsfonts/cm/cmmi7.pfb></usr/share/texlive/texmf-dist/fonts/type1/pu
blic/amsfonts/cm/cmmi8.pfb></usr/share/texlive/texmf-dist/fonts/type1/public/am
sfonts/cm/cmr10.pfb></usr/share/texlive/texmf-dist/fonts/type1/public/amsfonts/
cm/cmr7.pfb></usr/share/texlive/texmf-dist/fonts/type1/public/amsfonts/cm/cmr8.
pfb></usr/share/texlive/texmf-dist/fonts/type1/public/amsfonts/cm/cmsy10.pfb></
usr/share/texlive/texmf-dist/fonts/type1/public/amsfonts/cm/cmsy5.pfb></usr/sha
re/texlive/texmf-dist/fonts/type1/public/amsfonts/cm/cmsy7.pfb></usr/share/texl
ive/texmf-dist/fonts/type1/urw/courier/ucrr8a.pfb></usr/share/texlive/texmf-dis
t/fonts/type1/urw/times/utmb8a.pfb></usr/share/texlive/texmf-dist/fonts/type1/u
rw/times/utmbi8a.pfb></usr/share/texlive/texmf-dist/fonts/type1/urw/times/utmr8
a.pfb></usr/share/texlive/texmf-dist/fonts/type1/urw/times/utmri8a.pfb>
Output written on ccvpn.pdf (8 pages, 503265 bytes).
PDF statistics:
 115 PDF objects out of 1000 (max. 8388607)
 69 compressed objects within 1 object stream
 0 named destinations out of 1000 (max. 500000)
 32352 words of extra memory for PDF output out of 35830 (max. 10000000)

